Build started 8/15/2013 12:16:35 PM.
     1>Project "C:\Users\Jesse\Desktop\Productivity\Schoolwork\GSP420 - Game Engine Design and Integration with Lab\Week 6\GSP420_Integrated_Engine\Input\Input\Input.vcxproj" on node 2 (build target(s)).
     1>PrepareForBuild:
         Creating directory "C:\Users\Jesse\Desktop\Productivity\Schoolwork\GSP420 - Game Engine Design and Integration with Lab\Week 6\GSP420_Integrated_Engine\Input\Debug\".
       InitializeBuildStatus:
         Creating "Debug\Input.unsuccessfulbuild" because "AlwaysCreate" was specified.
       ManifestResourceCompile:
         C:\Program Files (x86)\Microsoft SDKs\Windows\v7.0A\bin\rc.exe /nologo /fo"Debug\Input.exe.embed.manifest.res" Debug\Input_manifest.rc 
       Link:
         C:\Program Files (x86)\Microsoft Visual Studio 10.0\VC\bin\link.exe /ERRORREPORT:PROMPT /OUT:"C:\Users\Jesse\Desktop\Productivity\Schoolwork\GSP420 - Game Engine Design and Integration with Lab\Week 6\GSP420_Integrated_Engine\Input\Debug\Input.exe" /INCREMENTAL /NOLOGO d3d9.lib d3dx9.lib dxerr.lib winmm.lib dxguid.lib dinput8.lib kernel32.lib user32.lib gdi32.lib winspool.lib comdlg32.lib advapi32.lib shell32.lib ole32.lib oleaut32.lib uuid.lib odbc32.lib odbccp32.lib /MANIFEST /ManifestFile:"Debug\Input.exe.intermediate.manifest" /MANIFESTUAC:"level='asInvoker' uiAccess='false'" /DEBUG /PDB:"C:\Users\Jesse\Desktop\Productivity\Schoolwork\GSP420 - Game Engine Design and Integration with Lab\Week 6\GSP420_Integrated_Engine\Input\Debug\Input.pdb" /SUBSYSTEM:WINDOWS /TLBID:1 /DYNAMICBASE /NXCOMPAT /IMPLIB:"C:\Users\Jesse\Desktop\Productivity\Schoolwork\GSP420 - Game Engine Design and Integration with Lab\Week 6\GSP420_Integrated_Engine\Input\Debug\Input.lib" /MACHINE:X86 Debug\Input.exe.embed.manifest.res
     1>LINK : fatal error LNK1104: cannot open file 'd3dx9.lib'
     1>Done Building Project "C:\Users\Jesse\Desktop\Productivity\Schoolwork\GSP420 - Game Engine Design and Integration with Lab\Week 6\GSP420_Integrated_Engine\Input\Input\Input.vcxproj" (build target(s)) -- FAILED.

Build FAILED.

Time Elapsed 00:00:00.64
